<?xml version="1.0" ?>
<coverage version="6.4.4" timestamp="1660000000" lines-valid="100" lines-covered="85" line-rate="0.85" branches-covered="0" branches-valid="0" branch-rate="0" complexity="0">
	<packages>
		<package name="src" line-rate="0.85" branch-rate="0" complexity="0">
			<classes>
				<class name="__init__.py" filename="src/__init__.py" complexity="0" line-rate="1.0" branch-rate="0">
					<lines/>
				</class>
				<class name="main.py" filename="src/main.py" complexity="0" line-rate="0.8" branch-rate="0">
					<lines>
						<line number="1" hits="1"/>
						<line number="15" hits="0"/>
						<line number="16" hits="0"/>
						<line number="17" hits="0"/>
						<line number="18" hits="0"/>
						<line number="19" hits="0"/>
						<line number="20" hits="0"/>
						<line number="35" hits="0"/>
						<line number="42" hits="0"/>
						<line number="43" hits="0"/>
					</lines>
				</class>
				<class name="utils.py" filename="src/utils.py" complexity="0" line-rate="0.833" branch-rate="0">
					<lines>
						<line number="10" hits="0"/>
						<line number="20" hits="0"/>
						<line number="21" hits="0"/>
						<line number="22" hits="0"/>
						<line number="23" hits="0"/>
					</lines>
				</class>
				<class name="models.py" filename="src/models.py" complexity="0" line-rate="1.0" branch-rate="0">
					<lines/>
				</class>
			</classes>
		</package>
	</packages>
</coverage>
