<?xml version="1.0" encoding="utf-8"?>
<testsuites>
  <testsuite name="pytest" errors="0" failures="1" skipped="1" tests="5" time="1.234">
    <testcase classname="tests.test_main" name="test_basic" time="0.100"/>
    <testcase classname="tests.test_main" name="test_advanced" time="0.200"/>
    <testcase classname="tests.test_main" name="test_edge_case" time="0.050">
      <skipped message="not implemented yet"/>
    </testcase>
    <testcase classname="tests.test_utils" name="test_helper" time="0.300"/>
    <testcase classname="tests.test_utils" name="test_broken" time="0.584">
      <failure message="AssertionError: expected True but got False">
        AssertionError: expected True but got False
      </failure>
    </testcase>
  </testsuite>
</testsuites>
